GROUP,PACKAGE,CLASS,INSTRUCTION_MISSED,INSTRUCTION_COVERED,BRANCH_MISSED,BRANCH_COVERED,LINE_MISSED,LINE_COVERED,COMPLEXITY_MISSED,COMPLEXITY_COVERED,METHOD_MISSED,METHOD_COVERED
Money Transfer Service,com.exercise.banking.service.transfer.money.service,TransferServiceSelector,0,35,0,4,0,11,0,5,0,3
Money Transfer Service,com.exercise.banking.service.transfer.money.service,AccountService,0,69,0,0,0,12,0,7,0,7
Money Transfer Service,com.exercise.banking.service.transfer.money.service.impl,AbstractTransferServiceImpl,0,272,0,4,0,54,0,14,0,12
Money Transfer Service,com.exercise.banking.service.transfer.money.service.impl,InterBankTransferService,0,51,0,0,0,8,0,3,0,3
Money Transfer Service,com.exercise.banking.service.transfer.money.service.impl,IntraBankTransferService,0,111,0,0,0,18,0,6,0,6
Money Transfer Service,com.exercise.banking.service.transfer.money.controller,TransferController,0,39,0,0,0,10,0,3,0,3
